09:59:16 **** Clean-only build of configuration Debug for project ADC ****
make clean 
rm -rf  ADC.hex  ./ADC_pro.o ./DIO_Prog.o ./main.o  sizedummy  ADC.lss  ./ADC_pro.d ./DIO_Prog.d ./main.d  ADC.elf
 
09:59:20 **** Build of configuration Debug for project ADC ****
make all 
Building file: ../ADC_pro.c
Invoking: AVR Compiler
avr-gcc -Wall -g2 -gstabs -O0 -fpack-struct -fshort-enums -ffunction-sections -fdata-sections -std=gnu99 -funsigned-char -funsigned-bitfields -mmcu=atmega32 -DF_CPU=8000000UL -MMD -MP -MF"ADC_pro.d" -MT"ADC_pro.o" -c -o "ADC_pro.o" "../ADC_pro.c"
Finished building: ../ADC_pro.c
 
Building file: ../DIO_Prog.c
Invoking: AVR Compiler
avr-gcc -Wall -g2 -gstabs -O0 -fpack-struct -fshort-enums -ffunction-sections -fdata-sections -std=gnu99 -funsigned-char -funsigned-bitfields -mmcu=atmega32 -DF_CPU=8000000UL -MMD -MP -MF"DIO_Prog.d" -MT"DIO_Prog.o" -c -o "DIO_Prog.o" "../DIO_Prog.c"
Finished building: ../DIO_Prog.c
 
Building file: ../main.c
Invoking: AVR Compiler
avr-gcc -Wall -g2 -gstabs -O0 -fpack-struct -fshort-enums -ffunction-sections -fdata-sections -std=gnu99 -funsigned-char -funsigned-bitfields -mmcu=atmega32 -DF_CPU=8000000UL -MMD -MP -MF"main.d" -MT"main.o" -c -o "main.o" "../main.c"
../main.c: In function 'main':
../main.c:38: warning: implicit declaration of function 'ADC_Init'
Finished building: ../main.c
 
Building target: ADC.elf
Invoking: AVR C Linker
avr-gcc -Wl,-Map,ADC.map -mmcu=atmega32 -o "ADC.elf"  ./ADC_pro.o ./DIO_Prog.o ./main.o   
./main.o: In function `main':
../main.c:38: undefined reference to `ADC_Init'
make: *** [ADC.elf] Error 1
09:59:39 **** Incremental Build of configuration Debug for project ADC ****
make all 
Building file: ../main.c
Invoking: AVR Compiler
avr-gcc -Wall -g2 -gstabs -O0 -fpack-struct -fshort-enums -ffunction-sections -fdata-sections -std=gnu99 -funsigned-char -funsigned-bitfields -mmcu=atmega32 -DF_CPU=8000000UL -MMD -MP -MF"main.d" -MT"main.o" -c -o "main.o" "../main.c"
Finished building: ../main.c
 
Building target: ADC.elf
Invoking: AVR C Linker
avr-gcc -Wl,-Map,ADC.map -mmcu=atmega32 -o "ADC.elf"  ./ADC_pro.o ./DIO_Prog.o ./main.o   
Finished building target: ADC.elf
 
Invoking: AVR Create Extended Listing
avr-objdump -h -S ADC.elf  >"ADC.lss"
Finished building: ADC.lss
 
Create Flash image (ihex format)
avr-objcopy -R .eeprom -R .fuse -R .lock -R .signature -O ihex ADC.elf  "ADC.hex"
Finished building: ADC.hex
 
Invoking: Print Size
avr-size --format=avr --mcu=atmega32 ADC.elf
AVR Memory Usage
----------------
Device: atmega32

Program:    2466 bytes (7.5% Full)
(.text + .data + .bootloader)

Data:          0 bytes (0.0% Full)
(.data + .bss + .noinit)


Finished building: sizedummy
 
10:02:26 **** Incremental Build of configuration Debug for project ADC ****
make all 
Building file: ../ADC_pro.c
Invoking: AVR Compiler
avr-gcc -Wall -g2 -gstabs -O0 -fpack-struct -fshort-enums -ffunction-sections -fdata-sections -std=gnu99 -funsigned-char -funsigned-bitfields -mmcu=atmega32 -DF_CPU=8000000UL -MMD -MP -MF"ADC_pro.d" -MT"ADC_pro.o" -c -o "ADC_pro.o" "../ADC_pro.c"
Finished building: ../ADC_pro.c
 
Building target: ADC.elf
Invoking: AVR C Linker
avr-gcc -Wl,-Map,ADC.map -mmcu=atmega32 -o "ADC.elf"  ./ADC_pro.o ./DIO_Prog.o ./main.o   
Finished building target: ADC.elf
 
Invoking: AVR Create Extended Listing
avr-objdump -h -S ADC.elf  >"ADC.lss"
Finished building: ADC.lss
 
Create Flash image (ihex format)
avr-objcopy -R .eeprom -R .fuse -R .lock -R .signature -O ihex ADC.elf  "ADC.hex"
Finished building: ADC.hex
 
Invoking: Print Size
avr-size --format=avr --mcu=atmega32 ADC.elf
AVR Memory Usage
----------------
Device: atmega32

Program:    2466 bytes (7.5% Full)
(.text + .data + .bootloader)

Data:          0 bytes (0.0% Full)
(.data + .bss + .noinit)


Finished building: sizedummy
 
