14:17:43 **** Incremental Build of configuration Debug for project KeyPad ****
make all 
Building file: ../KeyPadMain.c
Invoking: AVR Compiler
avr-gcc -Wall -g2 -gstabs -O0 -fpack-struct -fshort-enums -ffunction-sections -fdata-sections -std=gnu99 -funsigned-char -funsigned-bitfields -mmcu=atmega32 -DF_CPU=8000000UL -MMD -MP -MF"KeyPadMain.d" -MT"KeyPadMain.o" -c -o "KeyPadMain.o" "../KeyPadMain.c"
../KeyPadMain.c:1:23: warning: extra tokens at end of #include directive
In file included from ../KeyPadMain.c:7:
d:/embedded training/imt_sdk_win_64/winavr/lib/gcc/../../avr/include/avr/delay.h:36:2: warning: #warning "This file has been moved to <util/delay.h>."
In file included from d:/embedded training/imt_sdk_win_64/winavr/lib/gcc/../../avr/include/avr/delay.h:37,
                 from ../KeyPadMain.c:7:
d:/embedded training/imt_sdk_win_64/winavr/lib/gcc/../../avr/include/util/delay.h:90:3: warning: #warning "Compiler optimizations disabled; functions from <util/delay.h> won't work as designed"
Finished building: ../KeyPadMain.c
 
Building target: KeyPad.elf
Invoking: AVR C Linker
avr-gcc -Wl,-Map,KeyPad.map -mmcu=atmega32 -o "KeyPad.elf"  ./DIO_Prog.o ./KeyPadMain.o ./KeyPad_Pro.o ./LCD_Prog.o   
Finished building target: KeyPad.elf
 
Invoking: AVR Create Extended Listing
avr-objdump -h -S KeyPad.elf  >"KeyPad.lss"
Finished building: KeyPad.lss
 
Create Flash image (ihex format)
avr-objcopy -R .eeprom -R .fuse -R .lock -R .signature -O ihex KeyPad.elf  "KeyPad.hex"
Finished building: KeyPad.hex
 
Invoking: Print Size
avr-size --format=avr --mcu=atmega32 KeyPad.elf
AVR Memory Usage
----------------
Device: atmega32

Program:    8260 bytes (25.2% Full)
(.text + .data + .bootloader)

Data:         32 bytes (1.6% Full)
(.data + .bss + .noinit)


Finished building: sizedummy
 

14:17:44 Build Finished (took 1s.459ms)

